<?xml version="1.0" encoding="UTF-8"?>
<!-- Generated by org.testng.reporters.JUnitReportReporter -->
<testsuite skipped="0" hostname="ip-172-31-38-191" name="com.testcases.testSalesPage" tests="1" failures="0" timestamp="2021-06-09T15:51:28 UTC" time="27.417" errors="0">
  <testcase name="test_sales_Page_User_Correct" time="27.417" classname="com.testcases.testSalesPage"/>
  <system-out/>
</testsuite> <!-- com.testcases.testSalesPage -->
