<?xml version="1.0" encoding="UTF-8"?>
<!-- Generated by org.testng.reporters.JUnitReportReporter -->
<testsuite skipped="0" hostname="ip-172-31-38-191" name="com.testcases.testAllpagesUser" tests="1" failures="0" timestamp="2021-06-09T15:51:28 UTC" time="21.018" errors="0">
  <testcase name="test_all_Pages_User_Correct" time="21.018" classname="com.testcases.testAllpagesUser"/>
  <system-out/>
</testsuite> <!-- com.testcases.testAllpagesUser -->
