<?xml version="1.0" encoding="UTF-8"?>
<!-- Generated by org.testng.reporters.JUnitReportReporter -->
<testsuite skipped="0" hostname="ip-172-31-38-191" name="com.testcases.testAllpages" tests="1" failures="0" timestamp="2021-06-08T01:32:00 UTC" time="21.083" errors="0">
  <testcase name="test_all_Pages_User_Correct" time="21.083" classname="com.testcases.testAllpages"/>
  <system-out/>
</testsuite> <!-- com.testcases.testAllpages -->
