<?xml version="1.0" encoding="UTF-8"?>
<!-- Generated by org.testng.reporters.JUnitReportReporter -->
<testsuite skipped="0" hostname="ip-172-31-38-191" name="com.reqres.tests.postRequest" tests="6" failures="0" timestamp="2021-06-09T17:16:11 UTC" time="4.306" errors="0">
  <testcase name="CreateUser" time="2.274" classname="com.reqres.tests.postRequest"/>
  <system-out/>
  <testcase name="UpdateUser" time="1.000" classname="com.reqres.tests.postRequest"/>
  <system-out/>
  <testcase name="RegisterSuccess" time="0.279" classname="com.reqres.tests.postRequest"/>
  <system-out/>
  <testcase name="RegisterFailure" time="0.265" classname="com.reqres.tests.postRequest"/>
  <system-out/>
  <testcase name="LoginSuccess" time="0.231" classname="com.reqres.tests.postRequest"/>
  <system-out/>
  <testcase name="LoginUnSuccess" time="0.257" classname="com.reqres.tests.postRequest"/>
  <system-out/>
</testsuite> <!-- com.reqres.tests.postRequest -->
