<?xml version="1.0" encoding="UTF-8"?>
<!-- Generated by org.testng.reporters.JUnitReportReporter -->
<testsuite skipped="0" hostname="ip-172-31-38-191" name="com.reqres.tests.getRequest" tests="6" failures="0" timestamp="2021-06-09T17:14:49 UTC" time="104.130" errors="0">
  <testcase name="GetListOfUsers" time="2.432" classname="com.reqres.tests.getRequest"/>
  <system-out/>
  <testcase name="GetSingleUser" time="0.805" classname="com.reqres.tests.getRequest"/>
  <system-out/>
  <testcase name="SingleUserNotFound" time="100.261" classname="com.reqres.tests.getRequest"/>
  <system-out/>
  <testcase name="GetListOfResources" time="0.335" classname="com.reqres.tests.getRequest"/>
  <system-out/>
  <testcase name="GetSingleResources" time="0.253" classname="com.reqres.tests.getRequest"/>
  <system-out/>
  <testcase name="SingleResourceNotFound" time="0.044" classname="com.reqres.tests.getRequest"/>
  <system-out/>
</testsuite> <!-- com.reqres.tests.getRequest -->
